Flow report for screen03
Thu May 15 15:40:14 2014
Quartus II 32-bit Version 12.0 Build 263 08/02/2012 Service Pack 2 SJ Web Edition


---------------------
; Table of Contents ;
---------------------
  1. Legal Notice
  2. Flow Summary
  3. Flow Settings
  4. Flow Non-Default Global Settings
  5. Flow Elapsed Time
  6. Flow OS Summary
  7. Flow Log



----------------
; Legal Notice ;
----------------
Copyright (C) 1991-2012 Altera Corporation
Your use of Altera Corporation's design tools, logic functions 
and other software and tools, and its AMPP partner logic 
functions, and any output files from any of the foregoing 
(including device programming or simulation files), and any 
associated documentation or information are expressly subject 
to the terms and conditions of the Altera Program License 
Subscription Agreement, Altera MegaCore Function License 
Agreement, or other applicable license agreement, including, 
without limitation, that your use is for the sole purpose of 
programming logic devices manufactured by Altera and sold by 
Altera or its authorized distributors.  Please refer to the 
applicable agreement for further details.



+------------------------------------------------------------------------------------+
; Flow Summary                                                                       ;
+------------------------------------+-----------------------------------------------+
; Flow Status                        ; Successful - Thu May 15 15:40:14 2014         ;
; Quartus II 32-bit Version          ; 12.0 Build 263 08/02/2012 SP 2 SJ Web Edition ;
; Revision Name                      ; screen03                                      ;
; Top-level Entity Name              ; screen03                                      ;
; Family                             ; Cyclone IV E                                  ;
; Device                             ; EP4CE22F17C6                                  ;
; Timing Models                      ; Final                                         ;
; Total logic elements               ; 508 / 22,320 ( 2 % )                          ;
;     Total combinational functions  ; 484 / 22,320 ( 2 % )                          ;
;     Dedicated logic registers      ; 193 / 22,320 ( < 1 % )                        ;
; Total registers                    ; 193                                           ;
; Total pins                         ; 36 / 154 ( 23 % )                             ;
; Total virtual pins                 ; 0                                             ;
; Total memory bits                  ; 262,144 / 608,256 ( 43 % )                    ;
; Embedded Multiplier 9-bit elements ; 0 / 132 ( 0 % )                               ;
; Total PLLs                         ; 2 / 4 ( 50 % )                                ;
+------------------------------------+-----------------------------------------------+


+-----------------------------------------+
; Flow Settings                           ;
+-------------------+---------------------+
; Option            ; Setting             ;
+-------------------+---------------------+
; Start date & time ; 05/15/2014 15:39:28 ;
; Main task         ; Compilation         ;
; Revision Name     ; screen03            ;
+-------------------+---------------------+


+----------------------------------------------------------------------------------------------------------------------------+
; Flow Non-Default Global Settings                                                                                           ;
+-------------------------------------+---------------------------------------+---------------+-------------+----------------+
; Assignment Name                     ; Value                                 ; Default Value ; Entity Name ; Section Id     ;
+-------------------------------------+---------------------------------------+---------------+-------------+----------------+
; COMPILER_SIGNATURE_ID               ; 27114217237421.140016116805012        ; --            ; --          ; --             ;
; EDA_OUTPUT_DATA_FORMAT              ; Vhdl                                  ; --            ; --          ; eda_simulation ;
; EDA_SIMULATION_TOOL                 ; ModelSim-Altera (VHDL)                ; <None>        ; --          ; --             ;
; IP_TOOL_NAME                        ; ALTPLL                                ; --            ; --          ; --             ;
; IP_TOOL_NAME                        ; RAM: 2-PORT                           ; --            ; --          ; --             ;
; IP_TOOL_NAME                        ; ALTPLL                                ; --            ; --          ; --             ;
; IP_TOOL_VERSION                     ; 12.0                                  ; --            ; --          ; --             ;
; IP_TOOL_VERSION                     ; 12.0                                  ; --            ; --          ; --             ;
; IP_TOOL_VERSION                     ; 12.0                                  ; --            ; --          ; --             ;
; MAX_CORE_JUNCTION_TEMP              ; 85                                    ; --            ; --          ; --             ;
; MIN_CORE_JUNCTION_TEMP              ; 0                                     ; --            ; --          ; --             ;
; MISC_FILE                           ; altpll0.bsf                           ; --            ; --          ; --             ;
; MISC_FILE                           ; altpll0_bb.v                          ; --            ; --          ; --             ;
; MISC_FILE                           ; altpll0.ppf                           ; --            ; --          ; --             ;
; MISC_FILE                           ; screen_buffer.bsf                     ; --            ; --          ; --             ;
; MISC_FILE                           ; screen_buffer_bb.v                    ; --            ; --          ; --             ;
; MISC_FILE                           ; altpll_video_in.bsf                   ; --            ; --          ; --             ;
; MISC_FILE                           ; altpll_video_in_bb.v                  ; --            ; --          ; --             ;
; MISC_FILE                           ; altpll_video_in.ppf                   ; --            ; --          ; --             ;
; OUTPUT_IO_TIMING_FAR_END_VMEAS      ; Half Signal Swing                     ; --            ; --          ; --             ;
; OUTPUT_IO_TIMING_FAR_END_VMEAS      ; Half Signal Swing                     ; --            ; --          ; --             ;
; OUTPUT_IO_TIMING_NEAR_END_VMEAS     ; Half Vccio                            ; --            ; --          ; --             ;
; OUTPUT_IO_TIMING_NEAR_END_VMEAS     ; Half Vccio                            ; --            ; --          ; --             ;
; PARTITION_COLOR                     ; 16764057                              ; --            ; --          ; Top            ;
; PARTITION_FITTER_PRESERVATION_LEVEL ; PLACEMENT_AND_ROUTING                 ; --            ; --          ; Top            ;
; PARTITION_NETLIST_TYPE              ; SOURCE                                ; --            ; --          ; Top            ;
; POWER_BOARD_THERMAL_MODEL           ; None (CONSERVATIVE)                   ; --            ; --          ; --             ;
; POWER_PRESET_COOLING_SOLUTION       ; 23 MM HEAT SINK WITH 200 LFPM AIRFLOW ; --            ; --          ; --             ;
+-------------------------------------+---------------------------------------+---------------+-------------+----------------+


+-------------------------------------------------------------------------------------------------------------------------------+
; Flow Elapsed Time                                                                                                             ;
+---------------------------+--------------+-------------------------+---------------------+------------------------------------+
; Module Name               ; Elapsed Time ; Average Processors Used ; Peak Virtual Memory ; Total CPU Time (on all processors) ;
+---------------------------+--------------+-------------------------+---------------------+------------------------------------+
; Analysis & Synthesis      ; 00:00:05     ; 1.0                     ; 287 MB              ; 00:00:05                           ;
; Fitter                    ; 00:00:23     ; 1.0                     ; 417 MB              ; 00:00:20                           ;
; Assembler                 ; 00:00:03     ; 1.0                     ; 272 MB              ; 00:00:02                           ;
; TimeQuest Timing Analyzer ; 00:00:10     ; 1.0                     ; 307 MB              ; 00:00:05                           ;
; EDA Netlist Writer        ; 00:00:02     ; 1.0                     ; 239 MB              ; 00:00:02                           ;
; Total                     ; 00:00:43     ; --                      ; --                  ; 00:00:34                           ;
+---------------------------+--------------+-------------------------+---------------------+------------------------------------+


+-----------------------------------------------------------------------------------------+
; Flow OS Summary                                                                         ;
+---------------------------+------------------+------------+------------+----------------+
; Module Name               ; Machine Hostname ; OS Name    ; OS Version ; Processor type ;
+---------------------------+------------------+------------+------------+----------------+
; Analysis & Synthesis      ; pcbe6930p        ; Windows XP ; 5.1        ; i686           ;
; Fitter                    ; pcbe6930p        ; Windows XP ; 5.1        ; i686           ;
; Assembler                 ; pcbe6930p        ; Windows XP ; 5.1        ; i686           ;
; TimeQuest Timing Analyzer ; pcbe6930p        ; Windows XP ; 5.1        ; i686           ;
; EDA Netlist Writer        ; pcbe6930p        ; Windows XP ; 5.1        ; i686           ;
+---------------------------+------------------+------------+------------+----------------+


------------
; Flow Log ;
------------
quartus_map --read_settings_files=on --write_settings_files=off screen03 -c screen03
quartus_fit --read_settings_files=off --write_settings_files=off screen03 -c screen03
quartus_asm --read_settings_files=off --write_settings_files=off screen03 -c screen03
quartus_sta screen03 -c screen03
quartus_eda --read_settings_files=off --write_settings_files=off screen03 -c screen03



