Database Export report for screen03
Sun Mar 10 09:55:22 2013
Quartus II 32-bit Version 12.0 Build 263 08/02/2012 Service Pack 2 SJ Web Edition


---------------------
; Table of Contents ;
---------------------
  1. Legal Notice
  2. Database Export Summary
  3. Database Export Messages



----------------
; Legal Notice ;
----------------
Copyright (C) 1991-2012 Altera Corporation
Your use of Altera Corporation's design tools, logic functions 
and other software and tools, and its AMPP partner logic 
functions, and any output files from any of the foregoing 
(including device programming or simulation files), and any 
associated documentation or information are expressly subject 
to the terms and conditions of the Altera Program License 
Subscription Agreement, Altera MegaCore Function License 
Agreement, or other applicable license agreement, including, 
without limitation, that your use is for the sole purpose of 
programming logic devices manufactured by Altera and sold by 
Altera or its authorized distributors.  Please refer to the 
applicable agreement for further details.



+----------------------------------------------------------------+
; Database Export Summary                                        ;
+------------------------+---------------------------------------+
; Database Export Status ; Successful - Sun Mar 10 09:55:22 2013 ;
; Revision Name          ; screen03                              ;
; Top-level Entity Name  ; screen03                              ;
; Family                 ; Cyclone IV E                          ;
; Device                 ; EP4CE22F17C6                          ;
+------------------------+---------------------------------------+


+--------------------------+
; Database Export Messages ;
+--------------------------+
Info: *******************************************************************
Info: Running Quartus II 32-bit Database Export
    Info: Version 12.0 Build 263 08/02/2012 Service Pack 2 SJ Web Edition
    Info: Processing started: Sun Mar 10 09:55:20 2013
Info: Command: quartus_cdb screen03 -c screen03 --export_database=export_db
Info (39038): Successfully exported the post-synthesis black-box database
Info (39038): Successfully exported the post-synthesis database
Info (39038): Successfully exported the post-fitter database
Info: Quartus II 32-bit Database Export was successful. 0 errors, 0 warnings
    Info: Peak virtual memory: 293 megabytes
    Info: Processing ended: Sun Mar 10 09:55:22 2013
    Info: Elapsed time: 00:00:02
    Info: Total CPU time (on all processors): 00:00:02


